<?xml version="1.0" encoding="UTF-8"?>
<testng-results total="12" passed="12" failed="0" skipped="0">
  <reporter-output>
  </reporter-output>
  <suite started-at="2018-12-24T09:27:30Z" name="Default suite" finished-at="2018-12-24T09:27:30Z" duration-ms="43">
    <groups>
    </groups>
    <test started-at="2018-12-24T09:27:30Z" name="Default test" finished-at="2018-12-24T09:27:30Z" duration-ms="43">
      <class name="Mykola.homework6_2.AppTest">
        <test-method signature="TestDivAsserts()[pri:0, instance:Mykola.homework6_2.AppTest@2f4948e4]" started-at="2018-12-24T11:27:30Z" name="TestDivAsserts" finished-at="2018-12-24T11:27:30Z" duration-ms="8" status="PASS">
          <reporter-output>
          </reporter-output>
        </test-method> <!-- TestDivAsserts -->
        <test-method signature="TestMulAsserts()[pri:0, instance:Mykola.homework6_2.AppTest@2f4948e4]" started-at="2018-12-24T11:27:30Z" name="TestMulAsserts" finished-at="2018-12-24T11:27:30Z" duration-ms="0" status="PASS">
          <reporter-output>
          </reporter-output>
        </test-method> <!-- TestMulAsserts -->
        <test-method signature="TestSubAsserts()[pri:0, instance:Mykola.homework6_2.AppTest@2f4948e4]" started-at="2018-12-24T11:27:30Z" name="TestSubAsserts" finished-at="2018-12-24T11:27:30Z" duration-ms="1" status="PASS">
          <reporter-output>
          </reporter-output>
        </test-method> <!-- TestSubAsserts -->
        <test-method signature="TestSumAsserts()[pri:0, instance:Mykola.homework6_2.AppTest@2f4948e4]" started-at="2018-12-24T11:27:30Z" name="TestSumAsserts" finished-at="2018-12-24T11:27:30Z" duration-ms="0" status="PASS">
          <reporter-output>
          </reporter-output>
        </test-method> <!-- TestSumAsserts -->
        <test-method signature="div(int, int)[pri:0, instance:Mykola.homework6_2.AppTest@2f4948e4]" started-at="2018-12-24T11:27:30Z" name="div" data-provider="divLocalData" finished-at="2018-12-24T11:27:30Z" duration-ms="1" status="PASS">
          <params>
            <param index="0">
              <value>
                <![CDATA[5]]>
              </value>
            </param>
            <param index="1">
              <value>
                <![CDATA[5]]>
              </value>
            </param>
          </params>
          <reporter-output>
          </reporter-output>
        </test-method> <!-- div -->
        <test-method signature="mul(int, int)[pri:0, instance:Mykola.homework6_2.AppTest@2f4948e4]" started-at="2018-12-24T11:27:30Z" name="mul" data-provider="mulLocalData" finished-at="2018-12-24T11:27:30Z" duration-ms="1" status="PASS">
          <params>
            <param index="0">
              <value>
                <![CDATA[6]]>
              </value>
            </param>
            <param index="1">
              <value>
                <![CDATA[6]]>
              </value>
            </param>
          </params>
          <reporter-output>
          </reporter-output>
        </test-method> <!-- mul -->
        <test-method signature="sub(int, int)[pri:0, instance:Mykola.homework6_2.AppTest@2f4948e4]" started-at="2018-12-24T11:27:30Z" name="sub" data-provider="subLocalData" finished-at="2018-12-24T11:27:30Z" duration-ms="1" status="PASS">
          <params>
            <param index="0">
              <value>
                <![CDATA[2]]>
              </value>
            </param>
            <param index="1">
              <value>
                <![CDATA[2]]>
              </value>
            </param>
          </params>
          <reporter-output>
          </reporter-output>
        </test-method> <!-- sub -->
        <test-method signature="sum(int, int)[pri:0, instance:Mykola.homework6_2.AppTest@2f4948e4]" started-at="2018-12-24T11:27:30Z" name="sum" data-provider="summLocalData" finished-at="2018-12-24T11:27:30Z" duration-ms="0" status="PASS">
          <params>
            <param index="0">
              <value>
                <![CDATA[5]]>
              </value>
            </param>
            <param index="1">
              <value>
                <![CDATA[5]]>
              </value>
            </param>
          </params>
          <reporter-output>
          </reporter-output>
        </test-method> <!-- sum -->
        <test-method signature="testAdd(int, int, int)[pri:0, instance:Mykola.homework6_2.AppTest@2f4948e4]" started-at="2018-12-24T11:27:30Z" name="testAdd" finished-at="2018-12-24T11:27:30Z" duration-ms="1" status="PASS">
          <params>
            <param index="0">
              <value>
                <![CDATA[5]]>
              </value>
            </param>
            <param index="1">
              <value>
                <![CDATA[2]]>
              </value>
            </param>
            <param index="2">
              <value>
                <![CDATA[7]]>
              </value>
            </param>
          </params>
          <reporter-output>
          </reporter-output>
        </test-method> <!-- testAdd -->
        <test-method signature="testDivide(int, int, int)[pri:0, instance:Mykola.homework6_2.AppTest@2f4948e4]" started-at="2018-12-24T11:27:30Z" name="testDivide" finished-at="2018-12-24T11:27:30Z" duration-ms="1" status="PASS">
          <params>
            <param index="0">
              <value>
                <![CDATA[10]]>
              </value>
            </param>
            <param index="1">
              <value>
                <![CDATA[5]]>
              </value>
            </param>
            <param index="2">
              <value>
                <![CDATA[2]]>
              </value>
            </param>
          </params>
          <reporter-output>
          </reporter-output>
        </test-method> <!-- testDivide -->
        <test-method signature="testMultiply(int, int, int)[pri:0, instance:Mykola.homework6_2.AppTest@2f4948e4]" started-at="2018-12-24T11:27:30Z" name="testMultiply" finished-at="2018-12-24T11:27:30Z" duration-ms="1" status="PASS">
          <params>
            <param index="0">
              <value>
                <![CDATA[5]]>
              </value>
            </param>
            <param index="1">
              <value>
                <![CDATA[5]]>
              </value>
            </param>
            <param index="2">
              <value>
                <![CDATA[25]]>
              </value>
            </param>
          </params>
          <reporter-output>
          </reporter-output>
        </test-method> <!-- testMultiply -->
        <test-method signature="testSubtract(int, int, int)[pri:0, instance:Mykola.homework6_2.AppTest@2f4948e4]" started-at="2018-12-24T11:27:30Z" name="testSubtract" finished-at="2018-12-24T11:27:30Z" duration-ms="7" status="PASS">
          <params>
            <param index="0">
              <value>
                <![CDATA[5]]>
              </value>
            </param>
            <param index="1">
              <value>
                <![CDATA[2]]>
              </value>
            </param>
            <param index="2">
              <value>
                <![CDATA[3]]>
              </value>
            </param>
          </params>
          <reporter-output>
          </reporter-output>
        </test-method> <!-- testSubtract -->
      </class> <!-- Mykola.homework6_2.AppTest -->
    </test> <!-- Default test -->
  </suite> <!-- Default suite -->
</testng-results>
