<?xml version="1.0" encoding="UTF-8"?>
<testng-results total="1" passed="1" failed="0" skipped="0">
  <reporter-output>
  </reporter-output>
  <suite started-at="2018-12-21T09:05:58Z" name="Default suite" finished-at="2018-12-21T09:06:01Z" duration-ms="2406">
    <groups>
    </groups>
    <test started-at="2018-12-21T09:05:58Z" name="Default test" finished-at="2018-12-21T09:06:01Z" duration-ms="2406">
      <class name="Mykola.homework6_1.AppTest">
        <test-method is-config="true" signature="setupHttpClient()[pri:0, instance:Mykola.homework6_1.AppTest@815b41f]" started-at="2018-12-21T11:05:58Z" name="setupHttpClient" finished-at="2018-12-21T11:05:59Z" duration-ms="239" status="PASS">
          <reporter-output>
          </reporter-output>
        </test-method> <!-- setupHttpClient -->
        <test-method signature="simpleHttpTest()[pri:0, instance:Mykola.homework6_1.AppTest@815b41f]" started-at="2018-12-21T11:05:59Z" name="simpleHttpTest" finished-at="2018-12-21T11:06:01Z" duration-ms="2158" status="PASS">
          <reporter-output>
          </reporter-output>
        </test-method> <!-- simpleHttpTest -->
      </class> <!-- Mykola.homework6_1.AppTest -->
    </test> <!-- Default test -->
  </suite> <!-- Default suite -->
</testng-results>
